<?xml version="1.0" encoding="UTF-8"?>
<testsuite xmlns:xsi="http://www.w3.org/2001/XMLSchema-instance" xsi:noNamespaceSchemaLocation="https://maven.apache.org/surefire/maven-surefire-plugin/xsd/surefire-test-report.xsd" version="3.0.2" name="com.ejemplo.relacionesjpa.RelacionesjpaApplicationTests" time="14.446" tests="1" errors="0" skipped="0" failures="0" flakes="0">
  <properties>
[...]
</properties>
  <testcase name="contextLoads" classname="com.ejemplo.relacionesjpa.RelacionesjpaApplicationTests" time="1.38">
    <system-out><![CDATA[07:09:16.828 [main] INFO org.springframework.test.context.support.AnnotationConfigContextLoaderUtils -- Could not detect default configuration classes for test class [com.ejemplo.relacionesjpa.RelacionesjpaApplicationTests]: RelacionesjpaApplicationTests does not declare any static, non-private, non-final, nested classes annotated with @Configuration.
07:09:16.987 [main] INFO org.springframework.boot.test.context.SpringBootTestContextBootstrapper -- Found @SpringBootConfiguration com.ejemplo.relacionesjpa.RelacionesjpaApplication for test class com.ejemplo.relacionesjpa.RelacionesjpaApplicationTests
07:09:17.112 [main] INFO org.springframework.test.context.support.AnnotationConfigContextLoaderUtils -- Could not detect default configuration classes for test class [com.ejemplo.relacionesjpa.RelacionesjpaApplicationTests]: RelacionesjpaApplicationTests does not declare any static, non-private, non-final, nested classes annotated with @Configuration.
07:09:17.113 [main] INFO org.springframework.boot.test.context.SpringBootTestContextBootstrapper -- Found @SpringBootConfiguration com.ejemplo.relacionesjpa.RelacionesjpaApplication for test class com.ejemplo.relacionesjpa.RelacionesjpaApplicationTests

  .   ____          _            __ _ _
 /\\ / ___'_ __ _ _(_)_ __  __ _ \ \ \ \
( ( )\___ | '_ | '_| | '_ \/ _` | \ \ \ \
 \\/  ___)| |_)| | | | | || (_| |  ) ) ) )
  '  |____| .__|_| |_|_| |_\__, | / / / /
 =========|_|==============|___/=/_/_/_/

 :: Spring Boot ::                (v4.0.6)

2026-05-23T07:09:17.628-05:00  INFO 16756 --- [relacionesjpa] [           main] c.e.r.RelacionesjpaApplicationTests      : Starting RelacionesjpaApplicationTests using Java 21.0.10 with PID 16756 (started by juanc in C:\Users\juanc\eclipse-workspace\relacionesjpa)
2026-05-23T07:09:17.633-05:00  INFO 16756 --- [relacionesjpa] [           main] c.e.r.RelacionesjpaApplicationTests      : No active profile set, falling back to 1 default profile: "default"
2026-05-23T07:09:19.373-05:00  INFO 16756 --- [relacionesjpa] [           main] .s.d.r.c.RepositoryConfigurationDelegate : Bootstrapping Spring Data JPA repositories in DEFAULT mode.
2026-05-23T07:09:19.526-05:00  INFO 16756 --- [relacionesjpa] [           main] .s.d.r.c.RepositoryConfigurationDelegate : Finished Spring Data repository scanning in 120 ms. Found 5 JPA repository interfaces.
2026-05-23T07:09:20.686-05:00  INFO 16756 --- [relacionesjpa] [           main] org.hibernate.orm.jpa                    : HHH008540: Processing PersistenceUnitInfo [name: default]
2026-05-23T07:09:20.922-05:00  INFO 16756 --- [relacionesjpa] [           main] org.hibernate.orm.core                   : HHH000001: Hibernate ORM core version 7.2.12.Final
2026-05-23T07:09:22.440-05:00  INFO 16756 --- [relacionesjpa] [           main] o.s.o.j.p.SpringPersistenceUnitInfo      : No LoadTimeWeaver setup: ignoring JPA class transformer
2026-05-23T07:09:22.543-05:00  INFO 16756 --- [relacionesjpa] [           main] com.zaxxer.hikari.HikariDataSource       : HikariPool-1 - Starting...
2026-05-23T07:09:23.123-05:00  INFO 16756 --- [relacionesjpa] [           main] com.zaxxer.hikari.pool.HikariPool        : HikariPool-1 - Added connection conn0: url=jdbc:h2:mem:clubesdb user=SA
2026-05-23T07:09:23.128-05:00  INFO 16756 --- [relacionesjpa] [           main] com.zaxxer.hikari.HikariDataSource       : HikariPool-1 - Start completed.
2026-05-23T07:09:23.323-05:00  INFO 16756 --- [relacionesjpa] [           main] org.hibernate.orm.connections.pooling    : HHH10001005: Database info:
	Database JDBC URL [jdbc:h2:mem:clubesdb]
	Database driver: H2 JDBC Driver
	Database dialect: H2Dialect
	Database version: 2.4.240
	Default catalog/schema: CLUBESDB/PUBLIC
	Autocommit mode: undefined/unknown
	Isolation level: READ_COMMITTED [default READ_COMMITTED]
	JDBC fetch size: 100
	Pool: DataSourceConnectionProvider
	Minimum pool size: undefined/unknown
	Maximum pool size: undefined/unknown
2026-05-23T07:09:26.809-05:00  INFO 16756 --- [relacionesjpa] [           main] org.hibernate.orm.core                   : HHH000489: No JTA platform available (set 'hibernate.transaction.jta.platform' to enable JTA platform integration)
Hibernate: 
    drop table if exists asociaciones cascade 
Hibernate: 
    drop table if exists clubes cascade 
Hibernate: 
    drop table if exists clubes_competiciones cascade 
Hibernate: 
    drop table if exists competiciones cascade 
Hibernate: 
    drop table if exists entrenadores cascade 
Hibernate: 
    drop table if exists jugadores cascade 
Hibernate: 
    create table asociaciones (
        id bigint generated by default as identity,
        nombre varchar(255),
        pais varchar(255),
        presidente varchar(255),
        primary key (id)
    )
Hibernate: 
    create table clubes (
        asociacion_id bigint,
        entrenador_id bigint not null unique,
        id bigint generated by default as identity,
        ciudad varchar(255),
        nombre varchar(255),
        primary key (id)
    )
Hibernate: 
    create table clubes_competiciones (
        club_id bigint not null,
        competicion_id bigint not null
    )
Hibernate: 
    create table competiciones (
        fecha_fin date,
        fecha_inicio date,
        monto_premio integer not null,
        id bigint generated by default as identity,
        nombre varchar(255),
        primary key (id)
    )
Hibernate: 
    create table entrenadores (
        edad integer not null,
        id bigint generated by default as identity,
        apellido varchar(255),
        nacionalidad varchar(255),
        nombre varchar(255),
        primary key (id)
    )
Hibernate: 
    create table jugadores (
        numero integer not null,
        club_id bigint,
        id bigint generated by default as identity,
        apellido varchar(255),
        nombre varchar(255),
        posicion varchar(255),
        primary key (id)
    )
Hibernate: 
    alter table if exists clubes 
       add constraint FKqo3djd5oghqqdc4lgbsbo2s5s 
       foreign key (asociacion_id) 
       references asociaciones
Hibernate: 
    alter table if exists clubes 
       add constraint FKsq1qkhct2xelr1wjuyrv8kn0t 
       foreign key (entrenador_id) 
       references entrenadores
Hibernate: 
    alter table if exists clubes_competiciones 
       add constraint FK5lea13jc72djso99gcm4nft8o 
       foreign key (competicion_id) 
       references competiciones
Hibernate: 
    alter table if exists clubes_competiciones 
       add constraint FKp1u3o8x69r2f5bx0vxynw4fjv 
       foreign key (club_id) 
       references clubes
Hibernate: 
    alter table if exists jugadores 
       add constraint FKnid2qofqk5xq26m8subsj87c9 
       foreign key (club_id) 
       references clubes
2026-05-23T07:09:27.085-05:00  INFO 16756 --- [relacionesjpa] [           main] j.LocalContainerEntityManagerFactoryBean : Initialized JPA EntityManagerFactory for persistence unit 'default'
2026-05-23T07:09:27.376-05:00  INFO 16756 --- [relacionesjpa] [           main] o.s.d.j.r.query.QueryEnhancerFactories   : Hibernate is in classpath; If applicable, HQL parser will be used.
2026-05-23T07:09:28.172-05:00  WARN 16756 --- [relacionesjpa] [           main] JpaBaseConfiguration$JpaWebConfiguration : spring.jpa.open-in-view is enabled by default. Therefore, database queries may be performed during view rendering. Explicitly configure spring.jpa.open-in-view to disable this warning
2026-05-23T07:09:28.212-05:00  INFO 16756 --- [relacionesjpa] [           main] o.s.b.w.a.WelcomePageHandlerMapping      : Adding welcome page: class path resource [static/index.html]
2026-05-23T07:09:29.015-05:00  INFO 16756 --- [relacionesjpa] [           main] o.s.b.h.a.H2ConsoleAutoConfiguration     : H2 console available at '/h2-console'. Database available at 'jdbc:h2:mem:clubesdb'
2026-05-23T07:09:29.204-05:00  INFO 16756 --- [relacionesjpa] [           main] c.e.r.RelacionesjpaApplicationTests      : Started RelacionesjpaApplicationTests in 11.97 seconds (process running for 14.306)
Hibernate: 
    insert 
    into
        asociaciones
        (nombre, pais, presidente, id) 
    values
        (?, ?, ?, default)
Hibernate: 
    insert 
    into
        competiciones
        (fecha_fin, fecha_inicio, monto_premio, nombre, id) 
    values
        (?, ?, ?, ?, default)
Hibernate: 
    insert 
    into
        competiciones
        (fecha_fin, fecha_inicio, monto_premio, nombre, id) 
    values
        (?, ?, ?, ?, default)
Hibernate: 
    insert 
    into
        entrenadores
        (apellido, edad, nacionalidad, nombre, id) 
    values
        (?, ?, ?, ?, default)
Hibernate: 
    insert 
    into
        clubes
        (asociacion_id, ciudad, entrenador_id, nombre, id) 
    values
        (?, ?, ?, ?, default)
Hibernate: 
    insert 
    into
        jugadores
        (apellido, nombre, numero, posicion, id) 
    values
        (?, ?, ?, ?, default)
Hibernate: 
    insert 
    into
        jugadores
        (apellido, nombre, numero, posicion, id) 
    values
        (?, ?, ?, ?, default)
Hibernate: 
    insert 
    into
        jugadores
        (apellido, nombre, numero, posicion, id) 
    values
        (?, ?, ?, ?, default)
Hibernate: 
    insert 
    into
        clubes_competiciones
        (club_id, competicion_id) 
    values
        (?, ?)
Hibernate: 
    insert 
    into
        clubes_competiciones
        (club_id, competicion_id) 
    values
        (?, ?)
Hibernate: 
    update
        jugadores 
    set
        club_id=? 
    where
        id=?
Hibernate: 
    update
        jugadores 
    set
        club_id=? 
    where
        id=?
Hibernate: 
    update
        jugadores 
    set
        club_id=? 
    where
        id=?
]]></system-out>
    <system-err><![CDATA[Mockito is currently self-attaching to enable the inline-mock-maker. This will no longer work in future releases of the JDK. Please add Mockito as an agent to your build as described in Mockito's documentation: https://javadoc.io/doc/org.mockito/mockito-core/latest/org.mockito/org/mockito/Mockito.html#0.3
WARNING: A Java agent has been loaded dynamically (C:\Users\juanc\.m2\repository\net\bytebuddy\byte-buddy-agent\1.17.8\byte-buddy-agent-1.17.8.jar)
WARNING: If a serviceability tool is in use, please run with -XX:+EnableDynamicAgentLoading to hide this warning
WARNING: If a serviceability tool is not in use, please run with -Djdk.instrument.traceUsage for more information
WARNING: Dynamic loading of agents will be disallowed by default in a future release
]]></system-err>
  </testcase>
</testsuite>